[2025-08-22T16:52:37.802] {
  "error": {
    "message": "Route /favicon.ico non trouvée",
    "stack": "Error: Route /favicon.ico non trouvée\n    at /Users/mac/Desktop/Workspace/Edacy/Paps/backend/index.js:75:19\n    at Layer.handleRequest (/Users/mac/Desktop/Workspace/Edacy/Paps/backend/node_modules/router/lib/layer.js:152:17)\n    at trimPrefix (/Users/mac/Desktop/Workspace/Edacy/Paps/backend/node_modules/router/index.js:342:13)\n    at /Users/mac/Desktop/Workspace/Edacy/Paps/backend/node_modules/router/index.js:297:9\n    at processParams (/Users/mac/Desktop/Workspace/Edacy/Paps/backend/node_modules/router/index.js:582:12)\n    at next (/Users/mac/Desktop/Workspace/Edacy/Paps/backend/node_modules/router/index.js:291:5)\n    at /Users/mac/Desktop/Workspace/Edacy/Paps/backend/index.js:59:5\n    at Layer.handleRequest (/Users/mac/Desktop/Workspace/Edacy/Paps/backend/node_modules/router/lib/layer.js:152:17)\n    at trimPrefix (/Users/mac/Desktop/Workspace/Edacy/Paps/backend/node_modules/router/index.js:342:13)\n    at /Users/mac/Desktop/Workspace/Edacy/Paps/backend/node_modules/router/index.js:297:9",
    "name": "Error"
  },
  "request": {
    "method": "GET",
    "url": "/favicon.ico",
    "user": "Non authentifié",
    "ip": "::1",
    "headers": {
      "host": "understand-boundary-aggressive-investigations.trycloudflare.com",
      "user-agent": "Mozilla/5.0 (Macintosh; Intel Mac OS X 10_15_7) AppleWebKit/537.36 (KHTML, like Gecko) Chrome/139.0.0.0 Safari/537.36",
      "accept": "image/avif,image/webp,image/apng,image/svg+xml,image/*,*/*;q=0.8",
      "accept-encoding": "gzip",
      "accept-language": "fr-FR,fr;q=0.9,en-US;q=0.8,en;q=0.7",
      "cdn-loop": "cloudflare; loops=1; subreqs=1",
      "cf-connecting-ip": "2001:4278:1b:32aa:ecf4:3913:24ad:a519",
      "cf-ew-via": "15",
      "cf-ipcountry": "SN",
      "cf-ray": "9733e1b827302941-MAD",
      "cf-visitor": "{\"scheme\":\"https\"}",
      "cf-warp-tag-id": "86680193-2a23-4019-aaab-de1cc0eda879",
      "cf-worker": "trycloudflare.com",
      "connection": "keep-alive",
      "priority": "u=1, i",
      "referer": "https://understand-boundary-aggressive-investigations.trycloudflare.com/",
      "sec-ch-ua": "\"Not;A=Brand\";v=\"99\", \"Google Chrome\";v=\"139\", \"Chromium\";v=\"139\"",
      "sec-ch-ua-mobile": "?0",
      "sec-ch-ua-platform": "\"macOS\"",
      "sec-fetch-dest": "image",
      "sec-fetch-mode": "no-cors",
      "sec-fetch-site": "same-origin",
      "x-forwarded-for": "2001:4278:1b:32aa:ecf4:3913:24ad:a519",
      "x-forwarded-proto": "https"
    },
    "query": {},
    "params": {}
  },
  "timestamp": "2025-08-22T16:52:37.802Z",
  "context": {
    "middleware": "ERROR_HANDLER",
    "timestamp": "2025-08-22T16:52:37.802Z"
  },
  "type": "CRITICAL_ERROR"
}

[2025-08-27T20:51:11.810] {
  "error": {
    "message": "Route /api/auth/login non trouvée",
    "stack": "Error: Route /api/auth/login non trouvée\n    at /Users/mac/Desktop/Workspace/Edacy/Paps/backend/index.js:75:19\n    at Layer.handleRequest (/Users/mac/Desktop/Workspace/Edacy/Paps/backend/node_modules/router/lib/layer.js:152:17)\n    at trimPrefix (/Users/mac/Desktop/Workspace/Edacy/Paps/backend/node_modules/router/index.js:342:13)\n    at /Users/mac/Desktop/Workspace/Edacy/Paps/backend/node_modules/router/index.js:297:9\n    at processParams (/Users/mac/Desktop/Workspace/Edacy/Paps/backend/node_modules/router/index.js:582:12)\n    at next (/Users/mac/Desktop/Workspace/Edacy/Paps/backend/node_modules/router/index.js:291:5)\n    at /Users/mac/Desktop/Workspace/Edacy/Paps/backend/node_modules/router/index.js:688:15\n    at next (/Users/mac/Desktop/Workspace/Edacy/Paps/backend/node_modules/router/index.js:276:14)\n    at Function.handle (/Users/mac/Desktop/Workspace/Edacy/Paps/backend/node_modules/router/index.js:186:3)\n    at router (/Users/mac/Desktop/Workspace/Edacy/Paps/backend/node_modules/router/index.js:60:12)",
    "name": "Error"
  },
  "request": {
    "method": "POST",
    "url": "/api/auth/login",
    "user": "Non authentifié",
    "ip": "::1",
    "headers": {
      "host": "localhost:5000",
      "connection": "keep-alive",
      "content-length": "58",
      "sec-ch-ua-platform": "\"macOS\"",
      "user-agent": "Mozilla/5.0 (Macintosh; Intel Mac OS X 10_15_7) AppleWebKit/537.36 (KHTML, like Gecko) Chrome/139.0.0.0 Safari/537.36",
      "accept": "application/json, text/plain, */*",
      "sec-ch-ua": "\"Not;A=Brand\";v=\"99\", \"Google Chrome\";v=\"139\", \"Chromium\";v=\"139\"",
      "content-type": "application/json",
      "sec-ch-ua-mobile": "?0",
      "origin": "http://localhost:4200",
      "sec-fetch-site": "same-site",
      "sec-fetch-mode": "cors",
      "sec-fetch-dest": "empty",
      "referer": "http://localhost:4200/",
      "accept-encoding": "gzip, deflate, br, zstd",
      "accept-language": "fr-FR,fr;q=0.9,en-US;q=0.8,en;q=0.7"
    },
    "body": {
      "email": "sammbasow1999@gmail.com",
      "password": "123456789"
    },
    "query": {},
    "params": {}
  },
  "timestamp": "2025-08-27T20:51:11.810Z",
  "context": {
    "middleware": "ERROR_HANDLER",
    "timestamp": "2025-08-27T20:51:11.810Z"
  },
  "type": "CRITICAL_ERROR"
}

[2025-08-27T20:51:11.817] {
  "error": {
    "message": "Route /api/auth/login non trouvée",
    "stack": "Error: Route /api/auth/login non trouvée\n    at /Users/mac/Desktop/Workspace/Edacy/Paps/backend/index.js:75:19\n    at Layer.handleRequest (/Users/mac/Desktop/Workspace/Edacy/Paps/backend/node_modules/router/lib/layer.js:152:17)\n    at trimPrefix (/Users/mac/Desktop/Workspace/Edacy/Paps/backend/node_modules/router/index.js:342:13)\n    at /Users/mac/Desktop/Workspace/Edacy/Paps/backend/node_modules/router/index.js:297:9\n    at processParams (/Users/mac/Desktop/Workspace/Edacy/Paps/backend/node_modules/router/index.js:582:12)\n    at next (/Users/mac/Desktop/Workspace/Edacy/Paps/backend/node_modules/router/index.js:291:5)\n    at /Users/mac/Desktop/Workspace/Edacy/Paps/backend/node_modules/router/index.js:688:15\n    at next (/Users/mac/Desktop/Workspace/Edacy/Paps/backend/node_modules/router/index.js:276:14)\n    at Function.handle (/Users/mac/Desktop/Workspace/Edacy/Paps/backend/node_modules/router/index.js:186:3)\n    at router (/Users/mac/Desktop/Workspace/Edacy/Paps/backend/node_modules/router/index.js:60:12)",
    "name": "Error"
  },
  "request": {
    "method": "POST",
    "url": "/api/auth/login",
    "user": "Non authentifié",
    "ip": "::1",
    "headers": {
      "host": "localhost:5000",
      "connection": "keep-alive",
      "content-length": "58",
      "sec-ch-ua-platform": "\"macOS\"",
      "user-agent": "Mozilla/5.0 (Macintosh; Intel Mac OS X 10_15_7) AppleWebKit/537.36 (KHTML, like Gecko) Chrome/139.0.0.0 Safari/537.36",
      "accept": "application/json, text/plain, */*",
      "sec-ch-ua": "\"Not;A=Brand\";v=\"99\", \"Google Chrome\";v=\"139\", \"Chromium\";v=\"139\"",
      "content-type": "application/json",
      "sec-ch-ua-mobile": "?0",
      "origin": "http://localhost:4200",
      "sec-fetch-site": "same-site",
      "sec-fetch-mode": "cors",
      "sec-fetch-dest": "empty",
      "referer": "http://localhost:4200/",
      "accept-encoding": "gzip, deflate, br, zstd",
      "accept-language": "fr-FR,fr;q=0.9,en-US;q=0.8,en;q=0.7"
    },
    "body": {
      "email": "sammbasow1999@gmail.com",
      "password": "123456789"
    },
    "query": {},
    "params": {}
  },
  "timestamp": "2025-08-27T20:51:11.817Z",
  "context": {
    "middleware": "ERROR_HANDLER",
    "timestamp": "2025-08-27T20:51:11.817Z"
  },
  "type": "CRITICAL_ERROR"
}

[2025-09-17T15:55:16.472] {
  "error": {
    "message": "Route /auth/signin non trouvée",
    "stack": "Error: Route /auth/signin non trouvée\n    at /Users/mac/Desktop/Workspace/Edacy/Paps/backend/index.js:75:19\n    at Layer.handleRequest (/Users/mac/Desktop/Workspace/Edacy/Paps/backend/node_modules/router/lib/layer.js:152:17)\n    at trimPrefix (/Users/mac/Desktop/Workspace/Edacy/Paps/backend/node_modules/router/index.js:342:13)\n    at /Users/mac/Desktop/Workspace/Edacy/Paps/backend/node_modules/router/index.js:297:9\n    at processParams (/Users/mac/Desktop/Workspace/Edacy/Paps/backend/node_modules/router/index.js:582:12)\n    at next (/Users/mac/Desktop/Workspace/Edacy/Paps/backend/node_modules/router/index.js:291:5)\n    at /Users/mac/Desktop/Workspace/Edacy/Paps/backend/index.js:59:5\n    at Layer.handleRequest (/Users/mac/Desktop/Workspace/Edacy/Paps/backend/node_modules/router/lib/layer.js:152:17)\n    at trimPrefix (/Users/mac/Desktop/Workspace/Edacy/Paps/backend/node_modules/router/index.js:342:13)\n    at /Users/mac/Desktop/Workspace/Edacy/Paps/backend/node_modules/router/index.js:297:9",
    "name": "Error"
  },
  "request": {
    "method": "POST",
    "url": "/auth/signin",
    "user": "Non authentifié",
    "ip": "::1",
    "headers": {
      "host": "localhost:5000",
      "connection": "keep-alive",
      "content-length": "56",
      "sec-ch-ua-platform": "\"macOS\"",
      "user-agent": "Mozilla/5.0 (Macintosh; Intel Mac OS X 10_15_7) AppleWebKit/537.36 (KHTML, like Gecko) Chrome/140.0.0.0 Safari/537.36",
      "accept": "application/json, text/plain, */*",
      "sec-ch-ua": "\"Chromium\";v=\"140\", \"Not=A?Brand\";v=\"24\", \"Google Chrome\";v=\"140\"",
      "content-type": "application/json",
      "sec-ch-ua-mobile": "?0",
      "origin": "http://localhost:3000",
      "sec-fetch-site": "same-site",
      "sec-fetch-mode": "cors",
      "sec-fetch-dest": "empty",
      "referer": "http://localhost:3000/",
      "accept-encoding": "gzip, deflate, br, zstd",
      "accept-language": "fr-FR,fr;q=0.9,en-US;q=0.8,en;q=0.7"
    },
    "body": {
      "email": "sammbasow953@gmail.com",
      "password": "hgfghfgh"
    },
    "query": {},
    "params": {}
  },
  "timestamp": "2025-09-17T15:55:16.472Z",
  "context": {
    "middleware": "ERROR_HANDLER",
    "timestamp": "2025-09-17T15:55:16.472Z"
  },
  "type": "CRITICAL_ERROR"
}

[2025-09-17T15:55:26.845] {
  "error": {
    "message": "Route /auth/signin non trouvée",
    "stack": "Error: Route /auth/signin non trouvée\n    at /Users/mac/Desktop/Workspace/Edacy/Paps/backend/index.js:75:19\n    at Layer.handleRequest (/Users/mac/Desktop/Workspace/Edacy/Paps/backend/node_modules/router/lib/layer.js:152:17)\n    at trimPrefix (/Users/mac/Desktop/Workspace/Edacy/Paps/backend/node_modules/router/index.js:342:13)\n    at /Users/mac/Desktop/Workspace/Edacy/Paps/backend/node_modules/router/index.js:297:9\n    at processParams (/Users/mac/Desktop/Workspace/Edacy/Paps/backend/node_modules/router/index.js:582:12)\n    at next (/Users/mac/Desktop/Workspace/Edacy/Paps/backend/node_modules/router/index.js:291:5)\n    at /Users/mac/Desktop/Workspace/Edacy/Paps/backend/index.js:59:5\n    at Layer.handleRequest (/Users/mac/Desktop/Workspace/Edacy/Paps/backend/node_modules/router/lib/layer.js:152:17)\n    at trimPrefix (/Users/mac/Desktop/Workspace/Edacy/Paps/backend/node_modules/router/index.js:342:13)\n    at /Users/mac/Desktop/Workspace/Edacy/Paps/backend/node_modules/router/index.js:297:9",
    "name": "Error"
  },
  "request": {
    "method": "POST",
    "url": "/auth/signin",
    "user": "Non authentifié",
    "ip": "::1",
    "headers": {
      "host": "localhost:5000",
      "connection": "keep-alive",
      "content-length": "57",
      "sec-ch-ua-platform": "\"macOS\"",
      "user-agent": "Mozilla/5.0 (Macintosh; Intel Mac OS X 10_15_7) AppleWebKit/537.36 (KHTML, like Gecko) Chrome/140.0.0.0 Safari/537.36",
      "accept": "application/json, text/plain, */*",
      "sec-ch-ua": "\"Chromium\";v=\"140\", \"Not=A?Brand\";v=\"24\", \"Google Chrome\";v=\"140\"",
      "content-type": "application/json",
      "sec-ch-ua-mobile": "?0",
      "origin": "http://localhost:3000",
      "sec-fetch-site": "same-site",
      "sec-fetch-mode": "cors",
      "sec-fetch-dest": "empty",
      "referer": "http://localhost:3000/",
      "accept-encoding": "gzip, deflate, br, zstd",
      "accept-language": "fr-FR,fr;q=0.9,en-US;q=0.8,en;q=0.7"
    },
    "body": {
      "email": "sammbasow953@gmail.com",
      "password": "passer123"
    },
    "query": {},
    "params": {}
  },
  "timestamp": "2025-09-17T15:55:26.845Z",
  "context": {
    "middleware": "ERROR_HANDLER",
    "timestamp": "2025-09-17T15:55:26.845Z"
  },
  "type": "CRITICAL_ERROR"
}

[2025-09-17T15:56:20.876] {
  "error": {
    "message": "Route /auth/signin non trouvée",
    "stack": "Error: Route /auth/signin non trouvée\n    at /Users/mac/Desktop/Workspace/Edacy/Paps/backend/index.js:75:19\n    at Layer.handleRequest (/Users/mac/Desktop/Workspace/Edacy/Paps/backend/node_modules/router/lib/layer.js:152:17)\n    at trimPrefix (/Users/mac/Desktop/Workspace/Edacy/Paps/backend/node_modules/router/index.js:342:13)\n    at /Users/mac/Desktop/Workspace/Edacy/Paps/backend/node_modules/router/index.js:297:9\n    at processParams (/Users/mac/Desktop/Workspace/Edacy/Paps/backend/node_modules/router/index.js:582:12)\n    at next (/Users/mac/Desktop/Workspace/Edacy/Paps/backend/node_modules/router/index.js:291:5)\n    at /Users/mac/Desktop/Workspace/Edacy/Paps/backend/index.js:59:5\n    at Layer.handleRequest (/Users/mac/Desktop/Workspace/Edacy/Paps/backend/node_modules/router/lib/layer.js:152:17)\n    at trimPrefix (/Users/mac/Desktop/Workspace/Edacy/Paps/backend/node_modules/router/index.js:342:13)\n    at /Users/mac/Desktop/Workspace/Edacy/Paps/backend/node_modules/router/index.js:297:9",
    "name": "Error"
  },
  "request": {
    "method": "POST",
    "url": "/auth/signin",
    "user": "Non authentifié",
    "ip": "::1",
    "headers": {
      "host": "localhost:5000",
      "connection": "keep-alive",
      "content-length": "60",
      "sec-ch-ua-platform": "\"macOS\"",
      "user-agent": "Mozilla/5.0 (Macintosh; Intel Mac OS X 10_15_7) AppleWebKit/537.36 (KHTML, like Gecko) Chrome/140.0.0.0 Safari/537.36",
      "accept": "application/json, text/plain, */*",
      "sec-ch-ua": "\"Chromium\";v=\"140\", \"Not=A?Brand\";v=\"24\", \"Google Chrome\";v=\"140\"",
      "content-type": "application/json",
      "sec-ch-ua-mobile": "?0",
      "origin": "http://localhost:3000",
      "sec-fetch-site": "same-site",
      "sec-fetch-mode": "cors",
      "sec-fetch-dest": "empty",
      "referer": "http://localhost:3000/",
      "accept-encoding": "gzip, deflate, br, zstd",
      "accept-language": "fr-FR,fr;q=0.9,en-US;q=0.8,en;q=0.7"
    },
    "body": {
      "email": "samba@example.com",
      "password": "MotDePasseFort123"
    },
    "query": {},
    "params": {}
  },
  "timestamp": "2025-09-17T15:56:20.876Z",
  "context": {
    "middleware": "ERROR_HANDLER",
    "timestamp": "2025-09-17T15:56:20.876Z"
  },
  "type": "CRITICAL_ERROR"
}

[2025-09-25T12:05:54.113] {
  "error": {
    "message": "Route /api/getAlllivreursl non trouvée",
    "stack": "Error: Route /api/getAlllivreursl non trouvée\n    at C:\\Users\\a891999\\OneDrive - ATOS\\Documents\\New_Paps\\Projet_Paps\\backend\\index.js:75:19\n    at Layer.handleRequest (C:\\Users\\a891999\\OneDrive - ATOS\\Documents\\New_Paps\\Projet_Paps\\backend\\node_modules\\router\\lib\\layer.js:152:17)\n    at trimPrefix (C:\\Users\\a891999\\OneDrive - ATOS\\Documents\\New_Paps\\Projet_Paps\\backend\\node_modules\\router\\index.js:342:13)\n    at C:\\Users\\a891999\\OneDrive - ATOS\\Documents\\New_Paps\\Projet_Paps\\backend\\node_modules\\router\\index.js:297:9\n    at processParams (C:\\Users\\a891999\\OneDrive - ATOS\\Documents\\New_Paps\\Projet_Paps\\backend\\node_modules\\router\\index.js:582:12)\n    at next (C:\\Users\\a891999\\OneDrive - ATOS\\Documents\\New_Paps\\Projet_Paps\\backend\\node_modules\\router\\index.js:291:5)\n    at C:\\Users\\a891999\\OneDrive - ATOS\\Documents\\New_Paps\\Projet_Paps\\backend\\node_modules\\router\\index.js:688:15\n    at next (C:\\Users\\a891999\\OneDrive - ATOS\\Documents\\New_Paps\\Projet_Paps\\backend\\node_modules\\router\\index.js:276:14)\n    at Function.handle (C:\\Users\\a891999\\OneDrive - ATOS\\Documents\\New_Paps\\Projet_Paps\\backend\\node_modules\\router\\index.js:186:3)\n    at router (C:\\Users\\a891999\\OneDrive - ATOS\\Documents\\New_Paps\\Projet_Paps\\backend\\node_modules\\router\\index.js:60:12)",
    "name": "Error"
  },
  "request": {
    "method": "GET",
    "url": "/api/getAlllivreursl",
    "user": "Non authentifié",
    "ip": "::1",
    "headers": {
      "user-agent": "PostmanRuntime/7.45.0",
      "accept": "*/*",
      "cache-control": "no-cache",
      "postman-token": "9e296af1-abe9-42fc-98e2-a1e76e9620a4",
      "host": "localhost:5000",
      "accept-encoding": "gzip, deflate, br",
      "connection": "keep-alive"
    },
    "query": {},
    "params": {}
  },
  "timestamp": "2025-09-25T12:05:54.113Z",
  "context": {
    "middleware": "ERROR_HANDLER",
    "timestamp": "2025-09-25T12:05:54.113Z"
  },
  "type": "CRITICAL_ERROR"
}

[2025-09-26T11:20:19.432] {
  "error": {
    "message": "Route /api/getAllCategories non trouvée",
    "stack": "Error: Route /api/getAllCategories non trouvée\n    at C:\\Users\\a891999\\OneDrive - ATOS\\Documents\\New_Paps\\Projet_Paps\\backend\\index.js:75:19\n    at Layer.handleRequest (C:\\Users\\a891999\\OneDrive - ATOS\\Documents\\New_Paps\\Projet_Paps\\backend\\node_modules\\router\\lib\\layer.js:152:17)\n    at trimPrefix (C:\\Users\\a891999\\OneDrive - ATOS\\Documents\\New_Paps\\Projet_Paps\\backend\\node_modules\\router\\index.js:342:13)\n    at C:\\Users\\a891999\\OneDrive - ATOS\\Documents\\New_Paps\\Projet_Paps\\backend\\node_modules\\router\\index.js:297:9\n    at processParams (C:\\Users\\a891999\\OneDrive - ATOS\\Documents\\New_Paps\\Projet_Paps\\backend\\node_modules\\router\\index.js:582:12)\n    at next (C:\\Users\\a891999\\OneDrive - ATOS\\Documents\\New_Paps\\Projet_Paps\\backend\\node_modules\\router\\index.js:291:5)\n    at C:\\Users\\a891999\\OneDrive - ATOS\\Documents\\New_Paps\\Projet_Paps\\backend\\node_modules\\router\\index.js:688:15\n    at next (C:\\Users\\a891999\\OneDrive - ATOS\\Documents\\New_Paps\\Projet_Paps\\backend\\node_modules\\router\\index.js:276:14)\n    at Function.handle (C:\\Users\\a891999\\OneDrive - ATOS\\Documents\\New_Paps\\Projet_Paps\\backend\\node_modules\\router\\index.js:186:3)\n    at router (C:\\Users\\a891999\\OneDrive - ATOS\\Documents\\New_Paps\\Projet_Paps\\backend\\node_modules\\router\\index.js:60:12)",
    "name": "Error"
  },
  "request": {
    "method": "GET",
    "url": "/api/getAllCategories",
    "user": "Non authentifié",
    "ip": "::1",
    "headers": {
      "user-agent": "PostmanRuntime/7.47.1",
      "accept": "*/*",
      "cache-control": "no-cache",
      "postman-token": "792e61f5-54a0-47bb-ad6f-507708a88537",
      "host": "localhost:5000",
      "accept-encoding": "gzip, deflate, br",
      "connection": "keep-alive"
    },
    "query": {},
    "params": {}
  },
  "timestamp": "2025-09-26T11:20:19.432Z",
  "context": {
    "middleware": "ERROR_HANDLER",
    "timestamp": "2025-09-26T11:20:19.431Z"
  },
  "type": "CRITICAL_ERROR"
}

[2025-09-26T11:20:52.554] {
  "error": {
    "message": "Route /api/getAllCategories non trouvée",
    "stack": "Error: Route /api/getAllCategories non trouvée\n    at C:\\Users\\a891999\\OneDrive - ATOS\\Documents\\New_Paps\\Projet_Paps\\backend\\index.js:75:19\n    at Layer.handleRequest (C:\\Users\\a891999\\OneDrive - ATOS\\Documents\\New_Paps\\Projet_Paps\\backend\\node_modules\\router\\lib\\layer.js:152:17)\n    at trimPrefix (C:\\Users\\a891999\\OneDrive - ATOS\\Documents\\New_Paps\\Projet_Paps\\backend\\node_modules\\router\\index.js:342:13)\n    at C:\\Users\\a891999\\OneDrive - ATOS\\Documents\\New_Paps\\Projet_Paps\\backend\\node_modules\\router\\index.js:297:9\n    at processParams (C:\\Users\\a891999\\OneDrive - ATOS\\Documents\\New_Paps\\Projet_Paps\\backend\\node_modules\\router\\index.js:582:12)\n    at next (C:\\Users\\a891999\\OneDrive - ATOS\\Documents\\New_Paps\\Projet_Paps\\backend\\node_modules\\router\\index.js:291:5)\n    at C:\\Users\\a891999\\OneDrive - ATOS\\Documents\\New_Paps\\Projet_Paps\\backend\\node_modules\\router\\index.js:688:15\n    at next (C:\\Users\\a891999\\OneDrive - ATOS\\Documents\\New_Paps\\Projet_Paps\\backend\\node_modules\\router\\index.js:276:14)\n    at Function.handle (C:\\Users\\a891999\\OneDrive - ATOS\\Documents\\New_Paps\\Projet_Paps\\backend\\node_modules\\router\\index.js:186:3)\n    at router (C:\\Users\\a891999\\OneDrive - ATOS\\Documents\\New_Paps\\Projet_Paps\\backend\\node_modules\\router\\index.js:60:12)",
    "name": "Error"
  },
  "request": {
    "method": "GET",
    "url": "/api/getAllCategories",
    "user": "Non authentifié",
    "ip": "::1",
    "headers": {
      "user-agent": "PostmanRuntime/7.47.1",
      "accept": "*/*",
      "cache-control": "no-cache",
      "postman-token": "af31ddfe-68d8-49ac-a41f-f3b69a9efd37",
      "host": "localhost:5000",
      "accept-encoding": "gzip, deflate, br",
      "connection": "keep-alive"
    },
    "query": {},
    "params": {}
  },
  "timestamp": "2025-09-26T11:20:52.554Z",
  "context": {
    "middleware": "ERROR_HANDLER",
    "timestamp": "2025-09-26T11:20:52.554Z"
  },
  "type": "CRITICAL_ERROR"
}

[2025-09-26T11:29:46.694] {
  "error": {
    "message": "Route /api/getAllCategories non trouvée",
    "stack": "Error: Route /api/getAllCategories non trouvée\n    at C:\\Users\\a891999\\OneDrive - ATOS\\Documents\\New_Paps\\Projet_Paps\\backend\\index.js:75:19\n    at Layer.handleRequest (C:\\Users\\a891999\\OneDrive - ATOS\\Documents\\New_Paps\\Projet_Paps\\backend\\node_modules\\router\\lib\\layer.js:152:17)\n    at trimPrefix (C:\\Users\\a891999\\OneDrive - ATOS\\Documents\\New_Paps\\Projet_Paps\\backend\\node_modules\\router\\index.js:342:13)\n    at C:\\Users\\a891999\\OneDrive - ATOS\\Documents\\New_Paps\\Projet_Paps\\backend\\node_modules\\router\\index.js:297:9\n    at processParams (C:\\Users\\a891999\\OneDrive - ATOS\\Documents\\New_Paps\\Projet_Paps\\backend\\node_modules\\router\\index.js:582:12)\n    at next (C:\\Users\\a891999\\OneDrive - ATOS\\Documents\\New_Paps\\Projet_Paps\\backend\\node_modules\\router\\index.js:291:5)\n    at C:\\Users\\a891999\\OneDrive - ATOS\\Documents\\New_Paps\\Projet_Paps\\backend\\node_modules\\router\\index.js:688:15\n    at next (C:\\Users\\a891999\\OneDrive - ATOS\\Documents\\New_Paps\\Projet_Paps\\backend\\node_modules\\router\\index.js:276:14)\n    at Function.handle (C:\\Users\\a891999\\OneDrive - ATOS\\Documents\\New_Paps\\Projet_Paps\\backend\\node_modules\\router\\index.js:186:3)\n    at router (C:\\Users\\a891999\\OneDrive - ATOS\\Documents\\New_Paps\\Projet_Paps\\backend\\node_modules\\router\\index.js:60:12)",
    "name": "Error"
  },
  "request": {
    "method": "GET",
    "url": "/api/getAllCategories",
    "user": "Non authentifié",
    "ip": "::1",
    "headers": {
      "user-agent": "PostmanRuntime/7.47.1",
      "accept": "*/*",
      "cache-control": "no-cache",
      "postman-token": "3f242441-dab3-4f39-a986-6693207b7bf2",
      "host": "localhost:5000",
      "accept-encoding": "gzip, deflate, br",
      "connection": "keep-alive"
    },
    "query": {},
    "params": {}
  },
  "timestamp": "2025-09-26T11:29:46.694Z",
  "context": {
    "middleware": "ERROR_HANDLER",
    "timestamp": "2025-09-26T11:29:46.693Z"
  },
  "type": "CRITICAL_ERROR"
}

[2025-09-26T11:31:20.671] {
  "error": {
    "message": "Route /api/getAllCategories non trouvée",
    "stack": "Error: Route /api/getAllCategories non trouvée\n    at C:\\Users\\a891999\\OneDrive - ATOS\\Documents\\New_Paps\\Projet_Paps\\backend\\index.js:75:19\n    at Layer.handleRequest (C:\\Users\\a891999\\OneDrive - ATOS\\Documents\\New_Paps\\Projet_Paps\\backend\\node_modules\\router\\lib\\layer.js:152:17)\n    at trimPrefix (C:\\Users\\a891999\\OneDrive - ATOS\\Documents\\New_Paps\\Projet_Paps\\backend\\node_modules\\router\\index.js:342:13)\n    at C:\\Users\\a891999\\OneDrive - ATOS\\Documents\\New_Paps\\Projet_Paps\\backend\\node_modules\\router\\index.js:297:9\n    at processParams (C:\\Users\\a891999\\OneDrive - ATOS\\Documents\\New_Paps\\Projet_Paps\\backend\\node_modules\\router\\index.js:582:12)\n    at next (C:\\Users\\a891999\\OneDrive - ATOS\\Documents\\New_Paps\\Projet_Paps\\backend\\node_modules\\router\\index.js:291:5)\n    at C:\\Users\\a891999\\OneDrive - ATOS\\Documents\\New_Paps\\Projet_Paps\\backend\\node_modules\\router\\index.js:688:15\n    at next (C:\\Users\\a891999\\OneDrive - ATOS\\Documents\\New_Paps\\Projet_Paps\\backend\\node_modules\\router\\index.js:276:14)\n    at Function.handle (C:\\Users\\a891999\\OneDrive - ATOS\\Documents\\New_Paps\\Projet_Paps\\backend\\node_modules\\router\\index.js:186:3)\n    at router (C:\\Users\\a891999\\OneDrive - ATOS\\Documents\\New_Paps\\Projet_Paps\\backend\\node_modules\\router\\index.js:60:12)",
    "name": "Error"
  },
  "request": {
    "method": "GET",
    "url": "/api/getAllCategories",
    "user": "Non authentifié",
    "ip": "::1",
    "headers": {
      "user-agent": "PostmanRuntime/7.47.1",
      "accept": "*/*",
      "cache-control": "no-cache",
      "postman-token": "acd12f44-04ff-4c0f-9603-313834f2d5de",
      "host": "localhost:5000",
      "accept-encoding": "gzip, deflate, br",
      "connection": "keep-alive"
    },
    "query": {},
    "params": {}
  },
  "timestamp": "2025-09-26T11:31:20.671Z",
  "context": {
    "middleware": "ERROR_HANDLER",
    "timestamp": "2025-09-26T11:31:20.671Z"
  },
  "type": "CRITICAL_ERROR"
}

[2025-09-26T11:31:23.190] {
  "error": {
    "message": "Route /api/getAllCategories non trouvée",
    "stack": "Error: Route /api/getAllCategories non trouvée\n    at C:\\Users\\a891999\\OneDrive - ATOS\\Documents\\New_Paps\\Projet_Paps\\backend\\index.js:75:19\n    at Layer.handleRequest (C:\\Users\\a891999\\OneDrive - ATOS\\Documents\\New_Paps\\Projet_Paps\\backend\\node_modules\\router\\lib\\layer.js:152:17)\n    at trimPrefix (C:\\Users\\a891999\\OneDrive - ATOS\\Documents\\New_Paps\\Projet_Paps\\backend\\node_modules\\router\\index.js:342:13)\n    at C:\\Users\\a891999\\OneDrive - ATOS\\Documents\\New_Paps\\Projet_Paps\\backend\\node_modules\\router\\index.js:297:9\n    at processParams (C:\\Users\\a891999\\OneDrive - ATOS\\Documents\\New_Paps\\Projet_Paps\\backend\\node_modules\\router\\index.js:582:12)\n    at next (C:\\Users\\a891999\\OneDrive - ATOS\\Documents\\New_Paps\\Projet_Paps\\backend\\node_modules\\router\\index.js:291:5)\n    at C:\\Users\\a891999\\OneDrive - ATOS\\Documents\\New_Paps\\Projet_Paps\\backend\\node_modules\\router\\index.js:688:15\n    at next (C:\\Users\\a891999\\OneDrive - ATOS\\Documents\\New_Paps\\Projet_Paps\\backend\\node_modules\\router\\index.js:276:14)\n    at Function.handle (C:\\Users\\a891999\\OneDrive - ATOS\\Documents\\New_Paps\\Projet_Paps\\backend\\node_modules\\router\\index.js:186:3)\n    at router (C:\\Users\\a891999\\OneDrive - ATOS\\Documents\\New_Paps\\Projet_Paps\\backend\\node_modules\\router\\index.js:60:12)",
    "name": "Error"
  },
  "request": {
    "method": "GET",
    "url": "/api/getAllCategories",
    "user": "Non authentifié",
    "ip": "::1",
    "headers": {
      "user-agent": "PostmanRuntime/7.47.1",
      "accept": "*/*",
      "cache-control": "no-cache",
      "postman-token": "247e3152-94f0-4bb3-9429-0d3b07aad332",
      "host": "localhost:5000",
      "accept-encoding": "gzip, deflate, br",
      "connection": "keep-alive"
    },
    "query": {},
    "params": {}
  },
  "timestamp": "2025-09-26T11:31:23.190Z",
  "context": {
    "middleware": "ERROR_HANDLER",
    "timestamp": "2025-09-26T11:31:23.190Z"
  },
  "type": "CRITICAL_ERROR"
}

[2025-09-26T11:32:00.181] {
  "error": {
    "message": "Route /api/getAllCategorie non trouvée",
    "stack": "Error: Route /api/getAllCategorie non trouvée\n    at C:\\Users\\a891999\\OneDrive - ATOS\\Documents\\New_Paps\\Projet_Paps\\backend\\index.js:75:19\n    at Layer.handleRequest (C:\\Users\\a891999\\OneDrive - ATOS\\Documents\\New_Paps\\Projet_Paps\\backend\\node_modules\\router\\lib\\layer.js:152:17)\n    at trimPrefix (C:\\Users\\a891999\\OneDrive - ATOS\\Documents\\New_Paps\\Projet_Paps\\backend\\node_modules\\router\\index.js:342:13)\n    at C:\\Users\\a891999\\OneDrive - ATOS\\Documents\\New_Paps\\Projet_Paps\\backend\\node_modules\\router\\index.js:297:9\n    at processParams (C:\\Users\\a891999\\OneDrive - ATOS\\Documents\\New_Paps\\Projet_Paps\\backend\\node_modules\\router\\index.js:582:12)\n    at next (C:\\Users\\a891999\\OneDrive - ATOS\\Documents\\New_Paps\\Projet_Paps\\backend\\node_modules\\router\\index.js:291:5)\n    at C:\\Users\\a891999\\OneDrive - ATOS\\Documents\\New_Paps\\Projet_Paps\\backend\\node_modules\\router\\index.js:688:15\n    at next (C:\\Users\\a891999\\OneDrive - ATOS\\Documents\\New_Paps\\Projet_Paps\\backend\\node_modules\\router\\index.js:276:14)\n    at Function.handle (C:\\Users\\a891999\\OneDrive - ATOS\\Documents\\New_Paps\\Projet_Paps\\backend\\node_modules\\router\\index.js:186:3)\n    at router (C:\\Users\\a891999\\OneDrive - ATOS\\Documents\\New_Paps\\Projet_Paps\\backend\\node_modules\\router\\index.js:60:12)",
    "name": "Error"
  },
  "request": {
    "method": "GET",
    "url": "/api/getAllCategorie",
    "user": "Non authentifié",
    "ip": "::1",
    "headers": {
      "user-agent": "PostmanRuntime/7.47.1",
      "accept": "*/*",
      "cache-control": "no-cache",
      "postman-token": "041dd6da-6dad-45a4-88ed-cbedee276880",
      "host": "localhost:5000",
      "accept-encoding": "gzip, deflate, br",
      "connection": "keep-alive"
    },
    "query": {},
    "params": {}
  },
  "timestamp": "2025-09-26T11:32:00.181Z",
  "context": {
    "middleware": "ERROR_HANDLER",
    "timestamp": "2025-09-26T11:32:00.181Z"
  },
  "type": "CRITICAL_ERROR"
}

[2025-09-26T11:32:01.881] {
  "error": {
    "message": "Route /api/getAllCategorie non trouvée",
    "stack": "Error: Route /api/getAllCategorie non trouvée\n    at C:\\Users\\a891999\\OneDrive - ATOS\\Documents\\New_Paps\\Projet_Paps\\backend\\index.js:75:19\n    at Layer.handleRequest (C:\\Users\\a891999\\OneDrive - ATOS\\Documents\\New_Paps\\Projet_Paps\\backend\\node_modules\\router\\lib\\layer.js:152:17)\n    at trimPrefix (C:\\Users\\a891999\\OneDrive - ATOS\\Documents\\New_Paps\\Projet_Paps\\backend\\node_modules\\router\\index.js:342:13)\n    at C:\\Users\\a891999\\OneDrive - ATOS\\Documents\\New_Paps\\Projet_Paps\\backend\\node_modules\\router\\index.js:297:9\n    at processParams (C:\\Users\\a891999\\OneDrive - ATOS\\Documents\\New_Paps\\Projet_Paps\\backend\\node_modules\\router\\index.js:582:12)\n    at next (C:\\Users\\a891999\\OneDrive - ATOS\\Documents\\New_Paps\\Projet_Paps\\backend\\node_modules\\router\\index.js:291:5)\n    at C:\\Users\\a891999\\OneDrive - ATOS\\Documents\\New_Paps\\Projet_Paps\\backend\\node_modules\\router\\index.js:688:15\n    at next (C:\\Users\\a891999\\OneDrive - ATOS\\Documents\\New_Paps\\Projet_Paps\\backend\\node_modules\\router\\index.js:276:14)\n    at Function.handle (C:\\Users\\a891999\\OneDrive - ATOS\\Documents\\New_Paps\\Projet_Paps\\backend\\node_modules\\router\\index.js:186:3)\n    at router (C:\\Users\\a891999\\OneDrive - ATOS\\Documents\\New_Paps\\Projet_Paps\\backend\\node_modules\\router\\index.js:60:12)",
    "name": "Error"
  },
  "request": {
    "method": "GET",
    "url": "/api/getAllCategorie",
    "user": "Non authentifié",
    "ip": "::1",
    "headers": {
      "user-agent": "PostmanRuntime/7.47.1",
      "accept": "*/*",
      "cache-control": "no-cache",
      "postman-token": "21869d25-7fe8-4dc0-bbe3-e8986ad2514e",
      "host": "localhost:5000",
      "accept-encoding": "gzip, deflate, br",
      "connection": "keep-alive"
    },
    "query": {},
    "params": {}
  },
  "timestamp": "2025-09-26T11:32:01.881Z",
  "context": {
    "middleware": "ERROR_HANDLER",
    "timestamp": "2025-09-26T11:32:01.881Z"
  },
  "type": "CRITICAL_ERROR"
}

[2025-09-26T11:36:17.673] {
  "error": {
    "message": "Route /api/getAllCategorie non trouvée",
    "stack": "Error: Route /api/getAllCategorie non trouvée\n    at C:\\Users\\a891999\\OneDrive - ATOS\\Documents\\New_Paps\\Projet_Paps\\backend\\index.js:75:19\n    at Layer.handleRequest (C:\\Users\\a891999\\OneDrive - ATOS\\Documents\\New_Paps\\Projet_Paps\\backend\\node_modules\\router\\lib\\layer.js:152:17)\n    at trimPrefix (C:\\Users\\a891999\\OneDrive - ATOS\\Documents\\New_Paps\\Projet_Paps\\backend\\node_modules\\router\\index.js:342:13)\n    at C:\\Users\\a891999\\OneDrive - ATOS\\Documents\\New_Paps\\Projet_Paps\\backend\\node_modules\\router\\index.js:297:9\n    at processParams (C:\\Users\\a891999\\OneDrive - ATOS\\Documents\\New_Paps\\Projet_Paps\\backend\\node_modules\\router\\index.js:582:12)\n    at next (C:\\Users\\a891999\\OneDrive - ATOS\\Documents\\New_Paps\\Projet_Paps\\backend\\node_modules\\router\\index.js:291:5)\n    at C:\\Users\\a891999\\OneDrive - ATOS\\Documents\\New_Paps\\Projet_Paps\\backend\\node_modules\\router\\index.js:688:15\n    at next (C:\\Users\\a891999\\OneDrive - ATOS\\Documents\\New_Paps\\Projet_Paps\\backend\\node_modules\\router\\index.js:276:14)\n    at Function.handle (C:\\Users\\a891999\\OneDrive - ATOS\\Documents\\New_Paps\\Projet_Paps\\backend\\node_modules\\router\\index.js:186:3)\n    at router (C:\\Users\\a891999\\OneDrive - ATOS\\Documents\\New_Paps\\Projet_Paps\\backend\\node_modules\\router\\index.js:60:12)",
    "name": "Error"
  },
  "request": {
    "method": "GET",
    "url": "/api/getAllCategorie",
    "user": "Non authentifié",
    "ip": "::1",
    "headers": {
      "user-agent": "PostmanRuntime/7.47.1",
      "accept": "*/*",
      "cache-control": "no-cache",
      "postman-token": "2bf68f04-f55d-40fa-90d3-8cd41a5b10b3",
      "host": "localhost:5000",
      "accept-encoding": "gzip, deflate, br",
      "connection": "keep-alive"
    },
    "query": {},
    "params": {}
  },
  "timestamp": "2025-09-26T11:36:17.673Z",
  "context": {
    "middleware": "ERROR_HANDLER",
    "timestamp": "2025-09-26T11:36:17.673Z"
  },
  "type": "CRITICAL_ERROR"
}

[2025-09-26T11:37:03.560] {
  "error": {
    "message": "Route /api/getAllCategorie non trouvée",
    "stack": "Error: Route /api/getAllCategorie non trouvée\n    at C:\\Users\\a891999\\OneDrive - ATOS\\Documents\\New_Paps\\Projet_Paps\\backend\\index.js:75:19\n    at Layer.handleRequest (C:\\Users\\a891999\\OneDrive - ATOS\\Documents\\New_Paps\\Projet_Paps\\backend\\node_modules\\router\\lib\\layer.js:152:17)\n    at trimPrefix (C:\\Users\\a891999\\OneDrive - ATOS\\Documents\\New_Paps\\Projet_Paps\\backend\\node_modules\\router\\index.js:342:13)\n    at C:\\Users\\a891999\\OneDrive - ATOS\\Documents\\New_Paps\\Projet_Paps\\backend\\node_modules\\router\\index.js:297:9\n    at processParams (C:\\Users\\a891999\\OneDrive - ATOS\\Documents\\New_Paps\\Projet_Paps\\backend\\node_modules\\router\\index.js:582:12)\n    at next (C:\\Users\\a891999\\OneDrive - ATOS\\Documents\\New_Paps\\Projet_Paps\\backend\\node_modules\\router\\index.js:291:5)\n    at C:\\Users\\a891999\\OneDrive - ATOS\\Documents\\New_Paps\\Projet_Paps\\backend\\node_modules\\router\\index.js:688:15\n    at next (C:\\Users\\a891999\\OneDrive - ATOS\\Documents\\New_Paps\\Projet_Paps\\backend\\node_modules\\router\\index.js:276:14)\n    at Function.handle (C:\\Users\\a891999\\OneDrive - ATOS\\Documents\\New_Paps\\Projet_Paps\\backend\\node_modules\\router\\index.js:186:3)\n    at router (C:\\Users\\a891999\\OneDrive - ATOS\\Documents\\New_Paps\\Projet_Paps\\backend\\node_modules\\router\\index.js:60:12)",
    "name": "Error"
  },
  "request": {
    "method": "GET",
    "url": "/api/getAllCategorie",
    "user": "Non authentifié",
    "ip": "::1",
    "headers": {
      "user-agent": "PostmanRuntime/7.47.1",
      "accept": "*/*",
      "cache-control": "no-cache",
      "postman-token": "e10f71a7-5d71-4282-a660-5ccb9c06a8f4",
      "host": "localhost:5000",
      "accept-encoding": "gzip, deflate, br",
      "connection": "keep-alive"
    },
    "query": {},
    "params": {}
  },
  "timestamp": "2025-09-26T11:37:03.560Z",
  "context": {
    "middleware": "ERROR_HANDLER",
    "timestamp": "2025-09-26T11:37:03.559Z"
  },
  "type": "CRITICAL_ERROR"
}

[2025-09-26T11:37:13.466] {
  "error": {
    "message": "Route /api/getAlllivreus non trouvée",
    "stack": "Error: Route /api/getAlllivreus non trouvée\n    at C:\\Users\\a891999\\OneDrive - ATOS\\Documents\\New_Paps\\Projet_Paps\\backend\\index.js:75:19\n    at Layer.handleRequest (C:\\Users\\a891999\\OneDrive - ATOS\\Documents\\New_Paps\\Projet_Paps\\backend\\node_modules\\router\\lib\\layer.js:152:17)\n    at trimPrefix (C:\\Users\\a891999\\OneDrive - ATOS\\Documents\\New_Paps\\Projet_Paps\\backend\\node_modules\\router\\index.js:342:13)\n    at C:\\Users\\a891999\\OneDrive - ATOS\\Documents\\New_Paps\\Projet_Paps\\backend\\node_modules\\router\\index.js:297:9\n    at processParams (C:\\Users\\a891999\\OneDrive - ATOS\\Documents\\New_Paps\\Projet_Paps\\backend\\node_modules\\router\\index.js:582:12)\n    at next (C:\\Users\\a891999\\OneDrive - ATOS\\Documents\\New_Paps\\Projet_Paps\\backend\\node_modules\\router\\index.js:291:5)\n    at C:\\Users\\a891999\\OneDrive - ATOS\\Documents\\New_Paps\\Projet_Paps\\backend\\node_modules\\router\\index.js:688:15\n    at next (C:\\Users\\a891999\\OneDrive - ATOS\\Documents\\New_Paps\\Projet_Paps\\backend\\node_modules\\router\\index.js:276:14)\n    at Function.handle (C:\\Users\\a891999\\OneDrive - ATOS\\Documents\\New_Paps\\Projet_Paps\\backend\\node_modules\\router\\index.js:186:3)\n    at router (C:\\Users\\a891999\\OneDrive - ATOS\\Documents\\New_Paps\\Projet_Paps\\backend\\node_modules\\router\\index.js:60:12)",
    "name": "Error"
  },
  "request": {
    "method": "GET",
    "url": "/api/getAlllivreus",
    "user": "Non authentifié",
    "ip": "::1",
    "headers": {
      "user-agent": "PostmanRuntime/7.47.1",
      "accept": "*/*",
      "cache-control": "no-cache",
      "postman-token": "98043314-ebf3-42b2-b809-d8f7ee1b2705",
      "host": "localhost:5000",
      "accept-encoding": "gzip, deflate, br",
      "connection": "keep-alive"
    },
    "query": {},
    "params": {}
  },
  "timestamp": "2025-09-26T11:37:13.466Z",
  "context": {
    "middleware": "ERROR_HANDLER",
    "timestamp": "2025-09-26T11:37:13.466Z"
  },
  "type": "CRITICAL_ERROR"
}

[2025-09-26T11:37:23.962] {
  "error": {
    "message": "Route /api/getAllLivreus non trouvée",
    "stack": "Error: Route /api/getAllLivreus non trouvée\n    at C:\\Users\\a891999\\OneDrive - ATOS\\Documents\\New_Paps\\Projet_Paps\\backend\\index.js:75:19\n    at Layer.handleRequest (C:\\Users\\a891999\\OneDrive - ATOS\\Documents\\New_Paps\\Projet_Paps\\backend\\node_modules\\router\\lib\\layer.js:152:17)\n    at trimPrefix (C:\\Users\\a891999\\OneDrive - ATOS\\Documents\\New_Paps\\Projet_Paps\\backend\\node_modules\\router\\index.js:342:13)\n    at C:\\Users\\a891999\\OneDrive - ATOS\\Documents\\New_Paps\\Projet_Paps\\backend\\node_modules\\router\\index.js:297:9\n    at processParams (C:\\Users\\a891999\\OneDrive - ATOS\\Documents\\New_Paps\\Projet_Paps\\backend\\node_modules\\router\\index.js:582:12)\n    at next (C:\\Users\\a891999\\OneDrive - ATOS\\Documents\\New_Paps\\Projet_Paps\\backend\\node_modules\\router\\index.js:291:5)\n    at C:\\Users\\a891999\\OneDrive - ATOS\\Documents\\New_Paps\\Projet_Paps\\backend\\node_modules\\router\\index.js:688:15\n    at next (C:\\Users\\a891999\\OneDrive - ATOS\\Documents\\New_Paps\\Projet_Paps\\backend\\node_modules\\router\\index.js:276:14)\n    at Function.handle (C:\\Users\\a891999\\OneDrive - ATOS\\Documents\\New_Paps\\Projet_Paps\\backend\\node_modules\\router\\index.js:186:3)\n    at router (C:\\Users\\a891999\\OneDrive - ATOS\\Documents\\New_Paps\\Projet_Paps\\backend\\node_modules\\router\\index.js:60:12)",
    "name": "Error"
  },
  "request": {
    "method": "GET",
    "url": "/api/getAllLivreus",
    "user": "Non authentifié",
    "ip": "::1",
    "headers": {
      "user-agent": "PostmanRuntime/7.47.1",
      "accept": "*/*",
      "cache-control": "no-cache",
      "postman-token": "ebd10062-cad4-4301-ae36-8261ae750347",
      "host": "localhost:5000",
      "accept-encoding": "gzip, deflate, br",
      "connection": "keep-alive"
    },
    "query": {},
    "params": {}
  },
  "timestamp": "2025-09-26T11:37:23.962Z",
  "context": {
    "middleware": "ERROR_HANDLER",
    "timestamp": "2025-09-26T11:37:23.962Z"
  },
  "type": "CRITICAL_ERROR"
}

[2025-09-26T11:38:21.504] {
  "error": {
    "message": "Route /api/getAllCategorie non trouvée",
    "stack": "Error: Route /api/getAllCategorie non trouvée\n    at C:\\Users\\a891999\\OneDrive - ATOS\\Documents\\New_Paps\\Projet_Paps\\backend\\index.js:75:19\n    at Layer.handleRequest (C:\\Users\\a891999\\OneDrive - ATOS\\Documents\\New_Paps\\Projet_Paps\\backend\\node_modules\\router\\lib\\layer.js:152:17)\n    at trimPrefix (C:\\Users\\a891999\\OneDrive - ATOS\\Documents\\New_Paps\\Projet_Paps\\backend\\node_modules\\router\\index.js:342:13)\n    at C:\\Users\\a891999\\OneDrive - ATOS\\Documents\\New_Paps\\Projet_Paps\\backend\\node_modules\\router\\index.js:297:9\n    at processParams (C:\\Users\\a891999\\OneDrive - ATOS\\Documents\\New_Paps\\Projet_Paps\\backend\\node_modules\\router\\index.js:582:12)\n    at next (C:\\Users\\a891999\\OneDrive - ATOS\\Documents\\New_Paps\\Projet_Paps\\backend\\node_modules\\router\\index.js:291:5)\n    at C:\\Users\\a891999\\OneDrive - ATOS\\Documents\\New_Paps\\Projet_Paps\\backend\\node_modules\\router\\index.js:688:15\n    at next (C:\\Users\\a891999\\OneDrive - ATOS\\Documents\\New_Paps\\Projet_Paps\\backend\\node_modules\\router\\index.js:276:14)\n    at Function.handle (C:\\Users\\a891999\\OneDrive - ATOS\\Documents\\New_Paps\\Projet_Paps\\backend\\node_modules\\router\\index.js:186:3)\n    at router (C:\\Users\\a891999\\OneDrive - ATOS\\Documents\\New_Paps\\Projet_Paps\\backend\\node_modules\\router\\index.js:60:12)",
    "name": "Error"
  },
  "request": {
    "method": "GET",
    "url": "/api/getAllCategorie",
    "user": "Non authentifié",
    "ip": "::1",
    "headers": {
      "user-agent": "PostmanRuntime/7.47.1",
      "accept": "*/*",
      "cache-control": "no-cache",
      "postman-token": "942413fe-4c23-4873-895e-f854e5baf67d",
      "host": "localhost:5000",
      "accept-encoding": "gzip, deflate, br",
      "connection": "keep-alive"
    },
    "query": {},
    "params": {}
  },
  "timestamp": "2025-09-26T11:38:21.504Z",
  "context": {
    "middleware": "ERROR_HANDLER",
    "timestamp": "2025-09-26T11:38:21.504Z"
  },
  "type": "CRITICAL_ERROR"
}

[2025-09-26T11:39:24.182] {
  "error": {
    "message": "Route /api/getAllCategorie non trouvée",
    "stack": "Error: Route /api/getAllCategorie non trouvée\n    at C:\\Users\\a891999\\OneDrive - ATOS\\Documents\\New_Paps\\Projet_Paps\\backend\\index.js:75:19\n    at Layer.handleRequest (C:\\Users\\a891999\\OneDrive - ATOS\\Documents\\New_Paps\\Projet_Paps\\backend\\node_modules\\router\\lib\\layer.js:152:17)\n    at trimPrefix (C:\\Users\\a891999\\OneDrive - ATOS\\Documents\\New_Paps\\Projet_Paps\\backend\\node_modules\\router\\index.js:342:13)\n    at C:\\Users\\a891999\\OneDrive - ATOS\\Documents\\New_Paps\\Projet_Paps\\backend\\node_modules\\router\\index.js:297:9\n    at processParams (C:\\Users\\a891999\\OneDrive - ATOS\\Documents\\New_Paps\\Projet_Paps\\backend\\node_modules\\router\\index.js:582:12)\n    at next (C:\\Users\\a891999\\OneDrive - ATOS\\Documents\\New_Paps\\Projet_Paps\\backend\\node_modules\\router\\index.js:291:5)\n    at C:\\Users\\a891999\\OneDrive - ATOS\\Documents\\New_Paps\\Projet_Paps\\backend\\node_modules\\router\\index.js:688:15\n    at next (C:\\Users\\a891999\\OneDrive - ATOS\\Documents\\New_Paps\\Projet_Paps\\backend\\node_modules\\router\\index.js:276:14)\n    at Function.handle (C:\\Users\\a891999\\OneDrive - ATOS\\Documents\\New_Paps\\Projet_Paps\\backend\\node_modules\\router\\index.js:186:3)\n    at router (C:\\Users\\a891999\\OneDrive - ATOS\\Documents\\New_Paps\\Projet_Paps\\backend\\node_modules\\router\\index.js:60:12)",
    "name": "Error"
  },
  "request": {
    "method": "GET",
    "url": "/api/getAllCategorie",
    "user": "Non authentifié",
    "ip": "::1",
    "headers": {
      "user-agent": "PostmanRuntime/7.47.1",
      "accept": "*/*",
      "cache-control": "no-cache",
      "postman-token": "4f0d1cdd-354b-4935-bad8-915053eff63f",
      "host": "localhost:5000",
      "accept-encoding": "gzip, deflate, br",
      "connection": "keep-alive"
    },
    "query": {},
    "params": {}
  },
  "timestamp": "2025-09-26T11:39:24.182Z",
  "context": {
    "middleware": "ERROR_HANDLER",
    "timestamp": "2025-09-26T11:39:24.182Z"
  },
  "type": "CRITICAL_ERROR"
}

[2025-09-26T11:39:25.762] {
  "error": {
    "message": "Route /api/getAllCategorie non trouvée",
    "stack": "Error: Route /api/getAllCategorie non trouvée\n    at C:\\Users\\a891999\\OneDrive - ATOS\\Documents\\New_Paps\\Projet_Paps\\backend\\index.js:75:19\n    at Layer.handleRequest (C:\\Users\\a891999\\OneDrive - ATOS\\Documents\\New_Paps\\Projet_Paps\\backend\\node_modules\\router\\lib\\layer.js:152:17)\n    at trimPrefix (C:\\Users\\a891999\\OneDrive - ATOS\\Documents\\New_Paps\\Projet_Paps\\backend\\node_modules\\router\\index.js:342:13)\n    at C:\\Users\\a891999\\OneDrive - ATOS\\Documents\\New_Paps\\Projet_Paps\\backend\\node_modules\\router\\index.js:297:9\n    at processParams (C:\\Users\\a891999\\OneDrive - ATOS\\Documents\\New_Paps\\Projet_Paps\\backend\\node_modules\\router\\index.js:582:12)\n    at next (C:\\Users\\a891999\\OneDrive - ATOS\\Documents\\New_Paps\\Projet_Paps\\backend\\node_modules\\router\\index.js:291:5)\n    at C:\\Users\\a891999\\OneDrive - ATOS\\Documents\\New_Paps\\Projet_Paps\\backend\\node_modules\\router\\index.js:688:15\n    at next (C:\\Users\\a891999\\OneDrive - ATOS\\Documents\\New_Paps\\Projet_Paps\\backend\\node_modules\\router\\index.js:276:14)\n    at Function.handle (C:\\Users\\a891999\\OneDrive - ATOS\\Documents\\New_Paps\\Projet_Paps\\backend\\node_modules\\router\\index.js:186:3)\n    at router (C:\\Users\\a891999\\OneDrive - ATOS\\Documents\\New_Paps\\Projet_Paps\\backend\\node_modules\\router\\index.js:60:12)",
    "name": "Error"
  },
  "request": {
    "method": "GET",
    "url": "/api/getAllCategorie",
    "user": "Non authentifié",
    "ip": "::1",
    "headers": {
      "user-agent": "PostmanRuntime/7.47.1",
      "accept": "*/*",
      "cache-control": "no-cache",
      "postman-token": "da98570a-8cf9-4cef-9f42-64c4748d696b",
      "host": "localhost:5000",
      "accept-encoding": "gzip, deflate, br",
      "connection": "keep-alive"
    },
    "query": {},
    "params": {}
  },
  "timestamp": "2025-09-26T11:39:25.762Z",
  "context": {
    "middleware": "ERROR_HANDLER",
    "timestamp": "2025-09-26T11:39:25.761Z"
  },
  "type": "CRITICAL_ERROR"
}

[2025-09-26T11:43:00.768] {
  "error": {
    "message": "Route /api/getAllCategorie non trouvée",
    "stack": "Error: Route /api/getAllCategorie non trouvée\n    at C:\\Users\\a891999\\OneDrive - ATOS\\Documents\\New_Paps\\Projet_Paps\\backend\\index.js:75:19\n    at Layer.handleRequest (C:\\Users\\a891999\\OneDrive - ATOS\\Documents\\New_Paps\\Projet_Paps\\backend\\node_modules\\router\\lib\\layer.js:152:17)\n    at trimPrefix (C:\\Users\\a891999\\OneDrive - ATOS\\Documents\\New_Paps\\Projet_Paps\\backend\\node_modules\\router\\index.js:342:13)\n    at C:\\Users\\a891999\\OneDrive - ATOS\\Documents\\New_Paps\\Projet_Paps\\backend\\node_modules\\router\\index.js:297:9\n    at processParams (C:\\Users\\a891999\\OneDrive - ATOS\\Documents\\New_Paps\\Projet_Paps\\backend\\node_modules\\router\\index.js:582:12)\n    at next (C:\\Users\\a891999\\OneDrive - ATOS\\Documents\\New_Paps\\Projet_Paps\\backend\\node_modules\\router\\index.js:291:5)\n    at C:\\Users\\a891999\\OneDrive - ATOS\\Documents\\New_Paps\\Projet_Paps\\backend\\node_modules\\router\\index.js:688:15\n    at next (C:\\Users\\a891999\\OneDrive - ATOS\\Documents\\New_Paps\\Projet_Paps\\backend\\node_modules\\router\\index.js:276:14)\n    at Function.handle (C:\\Users\\a891999\\OneDrive - ATOS\\Documents\\New_Paps\\Projet_Paps\\backend\\node_modules\\router\\index.js:186:3)\n    at router (C:\\Users\\a891999\\OneDrive - ATOS\\Documents\\New_Paps\\Projet_Paps\\backend\\node_modules\\router\\index.js:60:12)",
    "name": "Error"
  },
  "request": {
    "method": "GET",
    "url": "/api/getAllCategorie",
    "user": "Non authentifié",
    "ip": "::1",
    "headers": {
      "user-agent": "PostmanRuntime/7.47.1",
      "accept": "*/*",
      "cache-control": "no-cache",
      "postman-token": "46128b6c-433f-4235-9d26-789edf73e5ca",
      "host": "localhost:5000",
      "accept-encoding": "gzip, deflate, br",
      "connection": "keep-alive"
    },
    "query": {},
    "params": {}
  },
  "timestamp": "2025-09-26T11:43:00.768Z",
  "context": {
    "middleware": "ERROR_HANDLER",
    "timestamp": "2025-09-26T11:43:00.768Z"
  },
  "type": "CRITICAL_ERROR"
}

[2025-09-26T11:43:02.504] {
  "error": {
    "message": "Route /api/getAllCategorie non trouvée",
    "stack": "Error: Route /api/getAllCategorie non trouvée\n    at C:\\Users\\a891999\\OneDrive - ATOS\\Documents\\New_Paps\\Projet_Paps\\backend\\index.js:75:19\n    at Layer.handleRequest (C:\\Users\\a891999\\OneDrive - ATOS\\Documents\\New_Paps\\Projet_Paps\\backend\\node_modules\\router\\lib\\layer.js:152:17)\n    at trimPrefix (C:\\Users\\a891999\\OneDrive - ATOS\\Documents\\New_Paps\\Projet_Paps\\backend\\node_modules\\router\\index.js:342:13)\n    at C:\\Users\\a891999\\OneDrive - ATOS\\Documents\\New_Paps\\Projet_Paps\\backend\\node_modules\\router\\index.js:297:9\n    at processParams (C:\\Users\\a891999\\OneDrive - ATOS\\Documents\\New_Paps\\Projet_Paps\\backend\\node_modules\\router\\index.js:582:12)\n    at next (C:\\Users\\a891999\\OneDrive - ATOS\\Documents\\New_Paps\\Projet_Paps\\backend\\node_modules\\router\\index.js:291:5)\n    at C:\\Users\\a891999\\OneDrive - ATOS\\Documents\\New_Paps\\Projet_Paps\\backend\\node_modules\\router\\index.js:688:15\n    at next (C:\\Users\\a891999\\OneDrive - ATOS\\Documents\\New_Paps\\Projet_Paps\\backend\\node_modules\\router\\index.js:276:14)\n    at Function.handle (C:\\Users\\a891999\\OneDrive - ATOS\\Documents\\New_Paps\\Projet_Paps\\backend\\node_modules\\router\\index.js:186:3)\n    at router (C:\\Users\\a891999\\OneDrive - ATOS\\Documents\\New_Paps\\Projet_Paps\\backend\\node_modules\\router\\index.js:60:12)",
    "name": "Error"
  },
  "request": {
    "method": "GET",
    "url": "/api/getAllCategorie",
    "user": "Non authentifié",
    "ip": "::1",
    "headers": {
      "user-agent": "PostmanRuntime/7.47.1",
      "accept": "*/*",
      "cache-control": "no-cache",
      "postman-token": "a8e9a0c2-afa1-4b5e-841c-b50536e16232",
      "host": "localhost:5000",
      "accept-encoding": "gzip, deflate, br",
      "connection": "keep-alive"
    },
    "query": {},
    "params": {}
  },
  "timestamp": "2025-09-26T11:43:02.504Z",
  "context": {
    "middleware": "ERROR_HANDLER",
    "timestamp": "2025-09-26T11:43:02.504Z"
  },
  "type": "CRITICAL_ERROR"
}

[2025-09-26T11:44:40.302] {
  "error": {
    "message": "Route /api/getAllCategorie non trouvée",
    "stack": "Error: Route /api/getAllCategorie non trouvée\n    at C:\\Users\\a891999\\OneDrive - ATOS\\Documents\\New_Paps\\Projet_Paps\\backend\\index.js:75:19\n    at Layer.handleRequest (C:\\Users\\a891999\\OneDrive - ATOS\\Documents\\New_Paps\\Projet_Paps\\backend\\node_modules\\router\\lib\\layer.js:152:17)\n    at trimPrefix (C:\\Users\\a891999\\OneDrive - ATOS\\Documents\\New_Paps\\Projet_Paps\\backend\\node_modules\\router\\index.js:342:13)\n    at C:\\Users\\a891999\\OneDrive - ATOS\\Documents\\New_Paps\\Projet_Paps\\backend\\node_modules\\router\\index.js:297:9\n    at processParams (C:\\Users\\a891999\\OneDrive - ATOS\\Documents\\New_Paps\\Projet_Paps\\backend\\node_modules\\router\\index.js:582:12)\n    at next (C:\\Users\\a891999\\OneDrive - ATOS\\Documents\\New_Paps\\Projet_Paps\\backend\\node_modules\\router\\index.js:291:5)\n    at C:\\Users\\a891999\\OneDrive - ATOS\\Documents\\New_Paps\\Projet_Paps\\backend\\node_modules\\router\\index.js:688:15\n    at next (C:\\Users\\a891999\\OneDrive - ATOS\\Documents\\New_Paps\\Projet_Paps\\backend\\node_modules\\router\\index.js:276:14)\n    at Function.handle (C:\\Users\\a891999\\OneDrive - ATOS\\Documents\\New_Paps\\Projet_Paps\\backend\\node_modules\\router\\index.js:186:3)\n    at router (C:\\Users\\a891999\\OneDrive - ATOS\\Documents\\New_Paps\\Projet_Paps\\backend\\node_modules\\router\\index.js:60:12)",
    "name": "Error"
  },
  "request": {
    "method": "GET",
    "url": "/api/getAllCategorie",
    "user": "Non authentifié",
    "ip": "::1",
    "headers": {
      "user-agent": "PostmanRuntime/7.47.1",
      "accept": "*/*",
      "cache-control": "no-cache",
      "postman-token": "df941040-b297-4923-946f-cacb50d96733",
      "host": "localhost:5000",
      "accept-encoding": "gzip, deflate, br",
      "connection": "keep-alive"
    },
    "query": {},
    "params": {}
  },
  "timestamp": "2025-09-26T11:44:40.302Z",
  "context": {
    "middleware": "ERROR_HANDLER",
    "timestamp": "2025-09-26T11:44:40.302Z"
  },
  "type": "CRITICAL_ERROR"
}

[2025-09-26T11:46:50.862] {
  "error": {
    "message": "Route /api/getAllCategorie non trouvée",
    "stack": "Error: Route /api/getAllCategorie non trouvée\n    at C:\\Users\\a891999\\OneDrive - ATOS\\Documents\\New_Paps\\Projet_Paps\\backend\\index.js:75:19\n    at Layer.handleRequest (C:\\Users\\a891999\\OneDrive - ATOS\\Documents\\New_Paps\\Projet_Paps\\backend\\node_modules\\router\\lib\\layer.js:152:17)\n    at trimPrefix (C:\\Users\\a891999\\OneDrive - ATOS\\Documents\\New_Paps\\Projet_Paps\\backend\\node_modules\\router\\index.js:342:13)\n    at C:\\Users\\a891999\\OneDrive - ATOS\\Documents\\New_Paps\\Projet_Paps\\backend\\node_modules\\router\\index.js:297:9\n    at processParams (C:\\Users\\a891999\\OneDrive - ATOS\\Documents\\New_Paps\\Projet_Paps\\backend\\node_modules\\router\\index.js:582:12)\n    at next (C:\\Users\\a891999\\OneDrive - ATOS\\Documents\\New_Paps\\Projet_Paps\\backend\\node_modules\\router\\index.js:291:5)\n    at C:\\Users\\a891999\\OneDrive - ATOS\\Documents\\New_Paps\\Projet_Paps\\backend\\node_modules\\router\\index.js:688:15\n    at next (C:\\Users\\a891999\\OneDrive - ATOS\\Documents\\New_Paps\\Projet_Paps\\backend\\node_modules\\router\\index.js:276:14)\n    at Function.handle (C:\\Users\\a891999\\OneDrive - ATOS\\Documents\\New_Paps\\Projet_Paps\\backend\\node_modules\\router\\index.js:186:3)\n    at router (C:\\Users\\a891999\\OneDrive - ATOS\\Documents\\New_Paps\\Projet_Paps\\backend\\node_modules\\router\\index.js:60:12)",
    "name": "Error"
  },
  "request": {
    "method": "GET",
    "url": "/api/getAllCategorie",
    "user": "Non authentifié",
    "ip": "::1",
    "headers": {
      "user-agent": "PostmanRuntime/7.47.1",
      "accept": "*/*",
      "cache-control": "no-cache",
      "postman-token": "9b69a2bc-d673-4e74-b849-65cde6610a89",
      "host": "localhost:5000",
      "accept-encoding": "gzip, deflate, br",
      "connection": "keep-alive"
    },
    "query": {},
    "params": {}
  },
  "timestamp": "2025-09-26T11:46:50.862Z",
  "context": {
    "middleware": "ERROR_HANDLER",
    "timestamp": "2025-09-26T11:46:50.862Z"
  },
  "type": "CRITICAL_ERROR"
}

[2025-09-26T11:46:52.524] {
  "error": {
    "message": "Route /api/getAllCategorie non trouvée",
    "stack": "Error: Route /api/getAllCategorie non trouvée\n    at C:\\Users\\a891999\\OneDrive - ATOS\\Documents\\New_Paps\\Projet_Paps\\backend\\index.js:75:19\n    at Layer.handleRequest (C:\\Users\\a891999\\OneDrive - ATOS\\Documents\\New_Paps\\Projet_Paps\\backend\\node_modules\\router\\lib\\layer.js:152:17)\n    at trimPrefix (C:\\Users\\a891999\\OneDrive - ATOS\\Documents\\New_Paps\\Projet_Paps\\backend\\node_modules\\router\\index.js:342:13)\n    at C:\\Users\\a891999\\OneDrive - ATOS\\Documents\\New_Paps\\Projet_Paps\\backend\\node_modules\\router\\index.js:297:9\n    at processParams (C:\\Users\\a891999\\OneDrive - ATOS\\Documents\\New_Paps\\Projet_Paps\\backend\\node_modules\\router\\index.js:582:12)\n    at next (C:\\Users\\a891999\\OneDrive - ATOS\\Documents\\New_Paps\\Projet_Paps\\backend\\node_modules\\router\\index.js:291:5)\n    at C:\\Users\\a891999\\OneDrive - ATOS\\Documents\\New_Paps\\Projet_Paps\\backend\\node_modules\\router\\index.js:688:15\n    at next (C:\\Users\\a891999\\OneDrive - ATOS\\Documents\\New_Paps\\Projet_Paps\\backend\\node_modules\\router\\index.js:276:14)\n    at Function.handle (C:\\Users\\a891999\\OneDrive - ATOS\\Documents\\New_Paps\\Projet_Paps\\backend\\node_modules\\router\\index.js:186:3)\n    at router (C:\\Users\\a891999\\OneDrive - ATOS\\Documents\\New_Paps\\Projet_Paps\\backend\\node_modules\\router\\index.js:60:12)",
    "name": "Error"
  },
  "request": {
    "method": "GET",
    "url": "/api/getAllCategorie",
    "user": "Non authentifié",
    "ip": "::1",
    "headers": {
      "user-agent": "PostmanRuntime/7.47.1",
      "accept": "*/*",
      "cache-control": "no-cache",
      "postman-token": "58f174c8-391a-4203-a3e9-f31226c9a943",
      "host": "localhost:5000",
      "accept-encoding": "gzip, deflate, br",
      "connection": "keep-alive"
    },
    "query": {},
    "params": {}
  },
  "timestamp": "2025-09-26T11:46:52.524Z",
  "context": {
    "middleware": "ERROR_HANDLER",
    "timestamp": "2025-09-26T11:46:52.524Z"
  },
  "type": "CRITICAL_ERROR"
}

[2025-09-26T11:47:10.049] {
  "error": {
    "message": "Route /api/getAllCategorie non trouvée",
    "stack": "Error: Route /api/getAllCategorie non trouvée\n    at C:\\Users\\a891999\\OneDrive - ATOS\\Documents\\New_Paps\\Projet_Paps\\backend\\index.js:75:19\n    at Layer.handleRequest (C:\\Users\\a891999\\OneDrive - ATOS\\Documents\\New_Paps\\Projet_Paps\\backend\\node_modules\\router\\lib\\layer.js:152:17)\n    at trimPrefix (C:\\Users\\a891999\\OneDrive - ATOS\\Documents\\New_Paps\\Projet_Paps\\backend\\node_modules\\router\\index.js:342:13)\n    at C:\\Users\\a891999\\OneDrive - ATOS\\Documents\\New_Paps\\Projet_Paps\\backend\\node_modules\\router\\index.js:297:9\n    at processParams (C:\\Users\\a891999\\OneDrive - ATOS\\Documents\\New_Paps\\Projet_Paps\\backend\\node_modules\\router\\index.js:582:12)\n    at next (C:\\Users\\a891999\\OneDrive - ATOS\\Documents\\New_Paps\\Projet_Paps\\backend\\node_modules\\router\\index.js:291:5)\n    at C:\\Users\\a891999\\OneDrive - ATOS\\Documents\\New_Paps\\Projet_Paps\\backend\\node_modules\\router\\index.js:688:15\n    at next (C:\\Users\\a891999\\OneDrive - ATOS\\Documents\\New_Paps\\Projet_Paps\\backend\\node_modules\\router\\index.js:276:14)\n    at Function.handle (C:\\Users\\a891999\\OneDrive - ATOS\\Documents\\New_Paps\\Projet_Paps\\backend\\node_modules\\router\\index.js:186:3)\n    at router (C:\\Users\\a891999\\OneDrive - ATOS\\Documents\\New_Paps\\Projet_Paps\\backend\\node_modules\\router\\index.js:60:12)",
    "name": "Error"
  },
  "request": {
    "method": "GET",
    "url": "/api/getAllCategorie",
    "user": "Non authentifié",
    "ip": "::1",
    "headers": {
      "user-agent": "PostmanRuntime/7.47.1",
      "accept": "*/*",
      "cache-control": "no-cache",
      "postman-token": "0c7d16da-9c90-4673-a9ab-32fd9c1748f7",
      "host": "localhost:5000",
      "accept-encoding": "gzip, deflate, br",
      "connection": "keep-alive"
    },
    "query": {},
    "params": {}
  },
  "timestamp": "2025-09-26T11:47:10.049Z",
  "context": {
    "middleware": "ERROR_HANDLER",
    "timestamp": "2025-09-26T11:47:10.048Z"
  },
  "type": "CRITICAL_ERROR"
}

[2025-09-26T15:57:00.620] {
  "error": {
    "message": "Route /api/getAllCategoriesByCommercants non trouvée",
    "stack": "Error: Route /api/getAllCategoriesByCommercants non trouvée\n    at C:\\Users\\a891999\\OneDrive - ATOS\\Documents\\New_Paps\\Projet_Paps\\backend\\index.js:75:19\n    at Layer.handleRequest (C:\\Users\\a891999\\OneDrive - ATOS\\Documents\\New_Paps\\Projet_Paps\\backend\\node_modules\\router\\lib\\layer.js:152:17)\n    at trimPrefix (C:\\Users\\a891999\\OneDrive - ATOS\\Documents\\New_Paps\\Projet_Paps\\backend\\node_modules\\router\\index.js:342:13)\n    at C:\\Users\\a891999\\OneDrive - ATOS\\Documents\\New_Paps\\Projet_Paps\\backend\\node_modules\\router\\index.js:297:9\n    at processParams (C:\\Users\\a891999\\OneDrive - ATOS\\Documents\\New_Paps\\Projet_Paps\\backend\\node_modules\\router\\index.js:582:12)\n    at next (C:\\Users\\a891999\\OneDrive - ATOS\\Documents\\New_Paps\\Projet_Paps\\backend\\node_modules\\router\\index.js:291:5)\n    at C:\\Users\\a891999\\OneDrive - ATOS\\Documents\\New_Paps\\Projet_Paps\\backend\\node_modules\\router\\index.js:688:15\n    at next (C:\\Users\\a891999\\OneDrive - ATOS\\Documents\\New_Paps\\Projet_Paps\\backend\\node_modules\\router\\index.js:276:14)\n    at Function.handle (C:\\Users\\a891999\\OneDrive - ATOS\\Documents\\New_Paps\\Projet_Paps\\backend\\node_modules\\router\\index.js:186:3)\n    at router (C:\\Users\\a891999\\OneDrive - ATOS\\Documents\\New_Paps\\Projet_Paps\\backend\\node_modules\\router\\index.js:60:12)",
    "name": "Error"
  },
  "request": {
    "method": "GET",
    "url": "/api/getAllCategoriesByCommercants",
    "user": "Non authentifié",
    "ip": "::1",
    "headers": {
      "host": "localhost:5000",
      "connection": "keep-alive",
      "sec-ch-ua-platform": "\"Windows\"",
      "authorization": "Bearer eyJhbGciOiJIUzI1NiIsInR5cCI6IkpXVCJ9.eyJpZCI6IjY4ZDUzMTQzODE2MjhjOTIxYTNkMDE4OSIsImVtYWlsIjoiZGlvcEBnbWFpbC5jb20iLCJyb2xlIjoiY29tbWVyY2FudCIsImlhdCI6MTc1ODgwMjM3NywiZXhwIjoxNzU5NDA3MTc3fQ.EwRLpTHJtlvRaDE0RuCrS9ClnVLnRl0gyBt4ltm_u7U",
      "user-agent": "Mozilla/5.0 (Windows NT 10.0; Win64; x64) AppleWebKit/537.36 (KHTML, like Gecko) Chrome/140.0.0.0 Safari/537.36",
      "accept": "application/json",
      "sec-ch-ua": "\"Chromium\";v=\"140\", \"Not=A?Brand\";v=\"24\", \"Google Chrome\";v=\"140\"",
      "content-type": "application/json",
      "sec-ch-ua-mobile": "?0",
      "origin": "http://localhost:3000",
      "sec-fetch-site": "same-site",
      "sec-fetch-mode": "cors",
      "sec-fetch-dest": "empty",
      "referer": "http://localhost:3000/",
      "accept-encoding": "gzip, deflate, br, zstd",
      "accept-language": "fr-FR,fr;q=0.9,en-US;q=0.8,en;q=0.7"
    },
    "query": {},
    "params": {}
  },
  "timestamp": "2025-09-26T15:57:00.620Z",
  "context": {
    "middleware": "ERROR_HANDLER",
    "timestamp": "2025-09-26T15:57:00.620Z"
  },
  "type": "CRITICAL_ERROR"
}

[2025-09-26T16:04:45.269] {
  "error": {
    "message": "Route /api/getAllCategories non trouvée",
    "stack": "Error: Route /api/getAllCategories non trouvée\n    at C:\\Users\\a891999\\OneDrive - ATOS\\Documents\\New_Paps\\Projet_Paps\\backend\\index.js:75:19\n    at Layer.handleRequest (C:\\Users\\a891999\\OneDrive - ATOS\\Documents\\New_Paps\\Projet_Paps\\backend\\node_modules\\router\\lib\\layer.js:152:17)\n    at trimPrefix (C:\\Users\\a891999\\OneDrive - ATOS\\Documents\\New_Paps\\Projet_Paps\\backend\\node_modules\\router\\index.js:342:13)\n    at C:\\Users\\a891999\\OneDrive - ATOS\\Documents\\New_Paps\\Projet_Paps\\backend\\node_modules\\router\\index.js:297:9\n    at processParams (C:\\Users\\a891999\\OneDrive - ATOS\\Documents\\New_Paps\\Projet_Paps\\backend\\node_modules\\router\\index.js:582:12)\n    at next (C:\\Users\\a891999\\OneDrive - ATOS\\Documents\\New_Paps\\Projet_Paps\\backend\\node_modules\\router\\index.js:291:5)\n    at C:\\Users\\a891999\\OneDrive - ATOS\\Documents\\New_Paps\\Projet_Paps\\backend\\node_modules\\router\\index.js:688:15\n    at next (C:\\Users\\a891999\\OneDrive - ATOS\\Documents\\New_Paps\\Projet_Paps\\backend\\node_modules\\router\\index.js:276:14)\n    at Function.handle (C:\\Users\\a891999\\OneDrive - ATOS\\Documents\\New_Paps\\Projet_Paps\\backend\\node_modules\\router\\index.js:186:3)\n    at router (C:\\Users\\a891999\\OneDrive - ATOS\\Documents\\New_Paps\\Projet_Paps\\backend\\node_modules\\router\\index.js:60:12)",
    "name": "Error"
  },
  "request": {
    "method": "GET",
    "url": "/api/getAllCategories",
    "user": "Non authentifié",
    "ip": "::1",
    "headers": {
      "content-type": "application/json",
      "authorization": "Bearer eyJhbGciOiJIUzI1NiIsInR5cCI6IkpXVCJ9.eyJpZCI6IjY4ZDUzMTQzODE2MjhjOTIxYTNkMDE4OSIsImVtYWlsIjoiZGlvcEBnbWFpbC5jb20iLCJyb2xlIjoiY29tbWVyY2FudCIsImlhdCI6MTc1ODgxODAyMSwiZXhwIjoxNzU5NDIyODIxfQ.Qo_1UC-IfSBSqpreSi0niA114XoMEjFPFqShycqBH8U",
      "user-agent": "PostmanRuntime/7.47.1",
      "accept": "*/*",
      "cache-control": "no-cache",
      "postman-token": "ca765739-fb21-4540-b9af-3db5ee6c548e",
      "host": "localhost:5000",
      "accept-encoding": "gzip, deflate, br",
      "connection": "keep-alive",
      "content-length": "76"
    },
    "body": {
      "nom": "legumes",
      "commercant_id": "68d5314381628c921a3d0185"
    },
    "query": {},
    "params": {}
  },
  "timestamp": "2025-09-26T16:04:45.269Z",
  "context": {
    "middleware": "ERROR_HANDLER",
    "timestamp": "2025-09-26T16:04:45.268Z"
  },
  "type": "CRITICAL_ERROR"
}

