[2025-08-26T18:55:16.235] [INFO] http - ::1 POST /api/signup 201 1062ms
[2025-08-26T18:58:17.522] [INFO] http - ::1 POST /api/signin 200 302ms
[2025-08-26T19:00:56.687] [INFO] http - ::1 POST /api/createLivreur 201 327ms
[2025-08-26T19:02:23.841] [INFO] http - ::1 POST /api/createCategories 201 370ms
[2025-08-26T19:04:04.549] [INFO] http - ::1 POST /api/createProduct 201 386ms
[2025-08-27T13:57:12.561] [INFO] http - ::1 POST /api/signup 201 633ms
[2025-08-27T20:51:11.815] [ERROR] http - ::1 POST /api/auth/login 404 5ms
[2025-08-27T20:51:11.820] [ERROR] http - ::1 POST /api/auth/login 404 4ms
[2025-08-27T20:52:42.425] [INFO] http - ::1 POST /api/signin 200 703ms
[2025-08-27T20:56:18.173] [INFO] http - ::1 POST /api/signin 200 1193ms
[2025-08-27T21:21:07.581] [INFO] http - ::1 POST /api/signin 200 341ms
[2025-08-27T21:22:07.046] [INFO] http - ::1 POST /api/signin 200 21762ms
[2025-08-27T21:23:11.379] [INFO] http - ::1 POST /api/signin 200 1708ms
[2025-08-27T21:24:25.527] [INFO] http - ::1 POST /api/signin 200 338ms
[2025-08-27T21:29:34.453] [INFO] http - ::1 POST /api/signin 200 351ms
[2025-08-27T21:34:10.763] [INFO] http - ::1 POST /api/signin 200 733ms
[2025-08-27T21:35:54.092] [INFO] http - ::1 POST /api/signin 200 342ms
[2025-08-27T21:41:22.689] [INFO] http - ::1 POST /api/signin 200 1143ms
[2025-08-27T22:12:10.561] [INFO] http - ::1 POST /api/signin 200 293ms
[2025-08-27T22:40:14.241] [INFO] http - ::1 POST /api/signin 200 287ms
[2025-08-27T22:44:15.656] [INFO] http - ::1 POST /api/signin 200 597ms
[2025-08-29T14:13:40.575] [INFO] http - ::1 POST /api/signup 201 466ms
[2025-08-29T14:16:15.971] [ERROR] http - ::1 POST /api/signin 401 170ms
[2025-08-29T14:16:27.434] [INFO] http - ::1 POST /api/signin 200 250ms
[2025-08-29T20:10:11.601] [ERROR] http - ::1 POST /api/signin 401 174ms
[2025-08-29T20:10:22.553] [INFO] http - ::1 POST /api/signin 200 249ms
[2025-08-29T20:12:45.388] [ERROR] http - ::1 POST /api/signin 401 169ms
[2025-08-29T20:12:55.849] [INFO] http - ::1 POST /api/signin 200 242ms
[2025-08-29T20:13:30.035] [INFO] http - ::1 POST /api/signin 200 232ms
[2025-09-03T18:22:50.456] [ERROR] http - ::1 POST /api/signin 401 170ms
[2025-09-03T18:22:58.139] [ERROR] http - ::1 POST /api/signin 401 73ms
[2025-09-03T18:24:38.015] [INFO] http - ::1 POST /api/signup 201 406ms
[2025-09-03T18:24:56.896] [INFO] http - ::1 POST /api/signin 200 244ms
[2025-09-17T14:56:25.919] [ERROR] http - ::1 POST /api/signin 401 188ms
[2025-09-17T14:56:34.028] [ERROR] http - ::1 POST /api/signin 401 175ms
[2025-09-17T15:55:16.479] [ERROR] http - ::1 POST /auth/signin 404 8ms
[2025-09-17T15:55:26.847] [ERROR] http - ::1 POST /auth/signin 404 2ms
[2025-09-17T15:56:20.879] [ERROR] http - ::1 POST /auth/signin 404 3ms
[2025-09-17T15:58:15.270] [ERROR] http - ::1 POST /api/signin 403 293ms
[2025-09-17T15:58:41.464] [ERROR] http - ::1 POST /api/signin 403 260ms
[2025-09-17T16:00:01.178] [INFO] http - ::1 POST /api/signin 200 238ms
[2025-09-17T16:03:16.379] [ERROR] http - ::1 POST /api/signin 401 181ms
[2025-09-17T16:03:24.547] [ERROR] http - ::1 POST /api/signin 401 196ms
[2025-09-17T16:04:00.370] [INFO] http - ::1 POST /api/signin 200 249ms
[2025-09-17T16:06:45.334] [INFO] http - ::1 POST /api/signin 200 263ms
[2025-09-17T16:08:25.231] [INFO] http - ::1 POST /api/signin 200 261ms
[2025-09-17T19:56:45.100] [ERROR] http - ::1 POST /api/createLivreur 500 749ms
[2025-09-17T19:59:14.502] [INFO] http - ::1 POST /api/createLivreur 201 895ms
[2025-09-17T20:35:23.349] [INFO] http - ::1 POST /api/signin 200 272ms
[2025-09-17T20:39:44.019] [INFO] http - ::1 GET /api/getAlllivreursByCommercants 200 178ms
[2025-09-17T20:39:44.598] [WARN] http - ::1 GET /api/getAlllivreursByCommercants 304 161ms
[2025-09-17T20:39:49.461] [WARN] http - ::1 GET /api/getAlllivreursByCommercants 304 164ms
[2025-09-17T20:41:36.826] [INFO] http - ::1 POST /api/signin 200 283ms
[2025-09-17T20:41:55.386] [WARN] http - ::1 GET /api/getAlllivreursByCommercants 304 215ms
[2025-09-17T20:42:23.135] [INFO] http - ::1 POST /api/createLivreur 201 361ms
[2025-09-17T20:43:24.712] [INFO] http - ::1 GET /api/getAlllivreursByCommercants 200 170ms
[2025-09-17T20:44:00.956] [WARN] http - ::1 GET /api/getAlllivreursByCommercants 304 167ms
[2025-09-17T20:46:46.904] [INFO] http - ::1 POST /api/signin 200 253ms
[2025-09-17T20:46:50.528] [WARN] http - ::1 GET /api/getAlllivreursByCommercants 304 184ms
[2025-09-17T20:48:14.560] [WARN] http - ::1 GET /api/getAlllivreursByCommercants 304 217ms
[2025-09-17T20:48:16.597] [WARN] http - ::1 GET /api/getAlllivreursByCommercants 304 167ms
[2025-09-17T20:48:19.821] [WARN] http - ::1 GET /api/getAlllivreursByCommercants 304 198ms
[2025-09-17T20:48:28.535] [WARN] http - ::1 GET /api/getAlllivreursByCommercants 304 159ms
[2025-09-17T20:48:29.846] [WARN] http - ::1 GET /api/getAlllivreursByCommercants 304 165ms
[2025-09-17T20:48:38.883] [WARN] http - ::1 GET /api/getAlllivreursByCommercants 304 168ms
[2025-09-17T20:48:53.546] [WARN] http - ::1 GET /api/getAlllivreursByCommercants 304 178ms
